2025-03-25 21:19:01,421 [INFO] Starting vib_extras using /Users/igorbulgakov/Documents/vib_extras.py
2025-03-25 21:19:01,423 [INFO] Starting multi_socket using /Users/igorbulgakov/Documents/multi_socket.py
2025-03-25 21:19:01,424 [INFO] Starting train_model_online_enhanced using /Users/igorbulgakov/Documents/train_model_online_enhanced.py
2025-03-25 21:19:01,425 [INFO] Starting vib_master using /Users/igorbulgakov/Documents/vib_master.py
2025-03-25 21:20:01,437 [WARNING] vib_master terminated with exit code 1. Restarting...
2025-03-25 21:20:01,437 [INFO] Starting vib_master using /Users/igorbulgakov/Documents/vib_master.py
2025-03-25 21:42:31,632 [WARNING] vib_master terminated with exit code -15. Restarting...
2025-03-25 21:42:31,632 [INFO] Starting vib_master using /Users/igorbulgakov/Documents/vib_master.py
2025-03-25 23:03:02,813 [WARNING] vib_master terminated with exit code -15. Restarting...
2025-03-25 23:03:02,813 [INFO] Starting vib_master using /Users/igorbulgakov/Documents/vib_master.py
2025-03-26 08:41:04,823 [WARNING] vib_extras terminated with exit code 1. Restarting...
2025-03-26 08:41:04,824 [INFO] Starting vib_extras using /Users/igorbulgakov/Documents/vib_extras.py
2025-03-26 10:43:51,356 [INFO] Starting vib_extras using /Users/igorbulgakov/Documents/vib_extras.py
2025-03-26 10:43:51,357 [INFO] Starting multi_socket using /Users/igorbulgakov/Documents/multi_socket.py
2025-03-26 10:43:51,359 [INFO] Starting train_model_online_enhanced using /Users/igorbulgakov/Documents/train_model_online_enhanced.py
2025-03-26 10:43:51,360 [INFO] Starting vib_master using /Users/igorbulgakov/Documents/vib_master.py
2025-03-26 10:44:21,367 [WARNING] train_model_online_enhanced terminated with exit code 0. Restarting...
2025-03-26 10:44:21,367 [INFO] Starting train_model_online_enhanced using /Users/igorbulgakov/Documents/train_model_online_enhanced.py
2025-03-26 10:44:21,375 [WARNING] vib_master terminated with exit code 0. Restarting...
2025-03-26 10:44:21,383 [INFO] Starting vib_master using /Users/igorbulgakov/Documents/vib_master.py
2025-03-26 10:44:51,392 [WARNING] vib_master terminated with exit code 0. Restarting...
2025-03-26 10:44:51,393 [INFO] Starting vib_master using /Users/igorbulgakov/Documents/vib_master.py
2025-03-26 10:45:21,408 [WARNING] vib_master terminated with exit code 0. Restarting...
2025-03-26 10:45:21,409 [INFO] Starting vib_master using /Users/igorbulgakov/Documents/vib_master.py
2025-03-26 10:45:51,425 [WARNING] vib_master terminated with exit code 0. Restarting...
2025-03-26 10:45:51,427 [INFO] Starting vib_master using /Users/igorbulgakov/Documents/vib_master.py
2025-03-26 14:24:03,309 [INFO] [MASTER] master.py script STARTED
2025-03-26 14:24:03,309 [INFO] [MASTER] Starting vib_alert: /Users/igorbulgakov/Documents/vib_bot/vib_alert.py
2025-03-26 14:24:03,310 [INFO] [MASTER] Starting vib_master: /Users/igorbulgakov/Documents/vib_bot/vib_master.py
2025-03-26 14:24:03,311 [INFO] [MASTER] Starting train_model_online_enhanced: /Users/igorbulgakov/Documents/vib_bot/train_model_online_enhanced.py
