2025-03-25 16:06:44,779 [INFO] Training dataset created with 66 rows.
2025-03-25 16:06:44,781 [INFO] Merged training data saved to merged_training_data.csv
2025-03-25 16:06:44,786 [INFO] Initial Model Test Accuracy: 1.00
2025-03-25 16:06:44,789 [INFO] Classification Report:
              precision    recall  f1-score   support

           0       1.00      1.00      1.00        14

    accuracy                           1.00        14
   macro avg       1.00      1.00      1.00        14
weighted avg       1.00      1.00      1.00        14

2025-03-25 16:06:44,790 [INFO] Initial model saved as model_online.pkl
2025-03-25 16:06:44,852 [INFO] Model updated online and saved.
2025-03-25 16:06:44,852 [INFO] Online model update complete.
2025-03-25 16:07:14,968 [INFO] Model updated online and saved.
2025-03-25 16:07:14,968 [INFO] Online model update complete.
2025-03-25 16:07:45,068 [INFO] Model updated online and saved.
2025-03-25 16:07:45,068 [INFO] Online model update complete.
2025-03-25 16:08:15,182 [INFO] Model updated online and saved.
2025-03-25 16:08:15,182 [INFO] Online model update complete.
2025-03-25 16:08:45,302 [INFO] Model updated online and saved.
2025-03-25 16:08:45,302 [INFO] Online model update complete.
2025-03-25 16:09:15,418 [INFO] Model updated online and saved.
2025-03-25 16:09:15,418 [INFO] Online model update complete.
2025-03-25 16:09:45,533 [INFO] Model updated online and saved.
2025-03-25 16:09:45,533 [INFO] Online model update complete.
2025-03-25 16:10:15,654 [INFO] Model updated online and saved.
2025-03-25 16:10:15,654 [INFO] Online model update complete.
2025-03-25 16:10:45,773 [INFO] Model updated online and saved.
2025-03-25 16:10:45,773 [INFO] Online model update complete.
2025-03-25 16:11:15,893 [INFO] Model updated online and saved.
2025-03-25 16:11:15,893 [INFO] Online model update complete.
2025-03-25 16:11:46,003 [INFO] Model updated online and saved.
2025-03-25 16:11:46,003 [INFO] Online model update complete.
2025-03-25 16:12:16,129 [INFO] Model updated online and saved.
2025-03-25 16:12:16,129 [INFO] Online model update complete.
2025-03-25 16:12:46,225 [INFO] Model updated online and saved.
2025-03-25 16:12:46,226 [INFO] Online model update complete.
2025-03-25 16:13:16,351 [INFO] Model updated online and saved.
2025-03-25 16:13:16,351 [INFO] Online model update complete.
2025-03-25 16:13:46,461 [INFO] Model updated online and saved.
2025-03-25 16:13:46,461 [INFO] Online model update complete.
2025-03-25 16:14:16,559 [INFO] Model updated online and saved.
2025-03-25 16:14:16,559 [INFO] Online model update complete.
2025-03-25 16:14:46,656 [INFO] Model updated online and saved.
2025-03-25 16:14:46,656 [INFO] Online model update complete.
2025-03-25 16:15:16,780 [INFO] Model updated online and saved.
2025-03-25 16:15:16,780 [INFO] Online model update complete.
2025-03-25 16:15:46,907 [INFO] Model updated online and saved.
2025-03-25 16:15:46,907 [INFO] Online model update complete.
2025-03-25 16:16:17,020 [INFO] Model updated online and saved.
2025-03-25 16:16:17,020 [INFO] Online model update complete.
2025-03-25 16:16:47,150 [INFO] Model updated online and saved.
2025-03-25 16:16:47,150 [INFO] Online model update complete.
2025-03-25 16:17:17,272 [INFO] Model updated online and saved.
2025-03-25 16:17:17,272 [INFO] Online model update complete.
2025-03-25 16:17:47,388 [INFO] Model updated online and saved.
2025-03-25 16:17:47,388 [INFO] Online model update complete.
2025-03-25 16:18:17,504 [INFO] Model updated online and saved.
2025-03-25 16:18:17,504 [INFO] Online model update complete.
2025-03-25 16:18:47,619 [INFO] Model updated online and saved.
2025-03-25 16:18:47,619 [INFO] Online model update complete.
2025-03-25 16:19:17,737 [INFO] Model updated online and saved.
2025-03-25 16:19:17,737 [INFO] Online model update complete.
2025-03-25 16:19:47,854 [INFO] Model updated online and saved.
2025-03-25 16:19:47,854 [INFO] Online model update complete.
2025-03-25 16:20:17,966 [INFO] Model updated online and saved.
2025-03-25 16:20:17,966 [INFO] Online model update complete.
2025-03-25 16:20:48,084 [INFO] Model updated online and saved.
2025-03-25 16:20:48,084 [INFO] Online model update complete.
2025-03-25 16:21:18,185 [INFO] Model updated online and saved.
2025-03-25 16:21:18,185 [INFO] Online model update complete.
2025-03-25 16:21:48,308 [INFO] Model updated online and saved.
2025-03-25 16:21:48,308 [INFO] Online model update complete.
2025-03-25 16:22:18,428 [INFO] Model updated online and saved.
2025-03-25 16:22:18,428 [INFO] Online model update complete.
2025-03-25 16:22:48,539 [INFO] Model updated online and saved.
2025-03-25 16:22:48,539 [INFO] Online model update complete.
2025-03-25 16:23:18,645 [INFO] Model updated online and saved.
2025-03-25 16:23:18,645 [INFO] Online model update complete.
2025-03-25 16:23:48,750 [INFO] Model updated online and saved.
2025-03-25 16:23:48,750 [INFO] Online model update complete.
2025-03-25 16:24:18,846 [INFO] Model updated online and saved.
2025-03-25 16:24:18,846 [INFO] Online model update complete.
2025-03-25 16:24:48,944 [INFO] Model updated online and saved.
2025-03-25 16:24:48,944 [INFO] Online model update complete.
2025-03-25 16:25:19,028 [INFO] Model updated online and saved.
2025-03-25 16:25:19,029 [INFO] Online model update complete.
2025-03-25 16:25:49,111 [INFO] Model updated online and saved.
2025-03-25 16:25:49,111 [INFO] Online model update complete.
2025-03-25 16:26:19,231 [INFO] Model updated online and saved.
2025-03-25 16:26:19,231 [INFO] Online model update complete.
2025-03-25 16:26:49,350 [INFO] Model updated online and saved.
2025-03-25 16:26:49,350 [INFO] Online model update complete.
2025-03-25 16:27:19,475 [INFO] Model updated online and saved.
2025-03-25 16:27:19,476 [INFO] Online model update complete.
2025-03-25 16:27:49,592 [INFO] Model updated online and saved.
2025-03-25 16:27:49,592 [INFO] Online model update complete.
2025-03-25 16:28:19,689 [INFO] Model updated online and saved.
2025-03-25 16:28:19,689 [INFO] Online model update complete.
2025-03-25 16:28:49,810 [INFO] Model updated online and saved.
2025-03-25 16:28:49,810 [INFO] Online model update complete.
2025-03-25 16:29:19,906 [INFO] Model updated online and saved.
2025-03-25 16:29:19,906 [INFO] Online model update complete.
2025-03-25 16:29:50,024 [INFO] Model updated online and saved.
2025-03-25 16:29:50,024 [INFO] Online model update complete.
2025-03-25 16:30:20,143 [INFO] Model updated online and saved.
2025-03-25 16:30:20,144 [INFO] Online model update complete.
2025-03-25 16:30:50,260 [INFO] Model updated online and saved.
2025-03-25 16:30:50,260 [INFO] Online model update complete.
2025-03-25 16:31:20,375 [INFO] Model updated online and saved.
2025-03-25 16:31:20,375 [INFO] Online model update complete.
2025-03-25 16:31:50,496 [INFO] Model updated online and saved.
2025-03-25 16:31:50,496 [INFO] Online model update complete.
2025-03-25 16:32:20,619 [INFO] Model updated online and saved.
2025-03-25 16:32:20,619 [INFO] Online model update complete.
2025-03-25 16:32:50,717 [INFO] Model updated online and saved.
2025-03-25 16:32:50,717 [INFO] Online model update complete.
2025-03-25 16:33:20,850 [INFO] Model updated online and saved.
2025-03-25 16:33:20,850 [INFO] Online model update complete.
2025-03-25 16:33:50,964 [INFO] Model updated online and saved.
2025-03-25 16:33:50,964 [INFO] Online model update complete.
2025-03-25 16:34:21,079 [INFO] Model updated online and saved.
2025-03-25 16:34:21,080 [INFO] Online model update complete.
2025-03-25 16:34:51,196 [INFO] Model updated online and saved.
2025-03-25 16:34:51,197 [INFO] Online model update complete.
2025-03-25 16:35:21,316 [INFO] Model updated online and saved.
2025-03-25 16:35:21,316 [INFO] Online model update complete.
2025-03-25 16:35:51,437 [INFO] Model updated online and saved.
2025-03-25 16:35:51,437 [INFO] Online model update complete.
2025-03-25 16:36:21,556 [INFO] Model updated online and saved.
2025-03-25 16:36:21,556 [INFO] Online model update complete.
2025-03-25 16:36:51,679 [INFO] Model updated online and saved.
2025-03-25 16:36:51,679 [INFO] Online model update complete.
2025-03-25 16:37:21,790 [INFO] Model updated online and saved.
2025-03-25 16:37:21,791 [INFO] Online model update complete.
2025-03-25 16:37:51,911 [INFO] Model updated online and saved.
2025-03-25 16:37:51,911 [INFO] Online model update complete.
2025-03-25 16:38:22,005 [INFO] Model updated online and saved.
2025-03-25 16:38:22,005 [INFO] Online model update complete.
2025-03-25 16:38:52,102 [INFO] Model updated online and saved.
2025-03-25 16:38:52,102 [INFO] Online model update complete.
2025-03-25 16:39:22,184 [INFO] Model updated online and saved.
2025-03-25 16:39:22,184 [INFO] Online model update complete.
2025-03-25 16:39:52,334 [INFO] Model updated online and saved.
2025-03-25 16:39:52,334 [INFO] Online model update complete.
2025-03-25 16:40:22,447 [INFO] Model updated online and saved.
2025-03-25 16:40:22,447 [INFO] Online model update complete.
2025-03-25 16:40:52,562 [INFO] Model updated online and saved.
2025-03-25 16:40:52,562 [INFO] Online model update complete.
2025-03-25 16:41:22,681 [INFO] Model updated online and saved.
2025-03-25 16:41:22,681 [INFO] Online model update complete.
2025-03-25 16:41:52,786 [INFO] Model updated online and saved.
2025-03-25 16:41:52,786 [INFO] Online model update complete.
2025-03-25 16:42:22,911 [INFO] Model updated online and saved.
2025-03-25 16:42:22,911 [INFO] Online model update complete.
2025-03-25 16:42:53,025 [INFO] Model updated online and saved.
2025-03-25 16:42:53,025 [INFO] Online model update complete.
2025-03-25 16:43:23,143 [INFO] Model updated online and saved.
2025-03-25 16:43:23,143 [INFO] Online model update complete.
2025-03-25 16:43:53,264 [INFO] Model updated online and saved.
2025-03-25 16:43:53,264 [INFO] Online model update complete.
2025-03-25 16:44:23,360 [INFO] Model updated online and saved.
2025-03-25 16:44:23,360 [INFO] Online model update complete.
2025-03-25 16:44:53,480 [INFO] Model updated online and saved.
2025-03-25 16:44:53,480 [INFO] Online model update complete.
2025-03-25 16:45:23,596 [INFO] Model updated online and saved.
2025-03-25 16:45:23,596 [INFO] Online model update complete.
